Started GET "/articles" for 127.0.0.1 at 2023-07-05 07:22:47 +0000
  [1m[35m (1.8ms)[0m  [1m[34mSELECT sqlite_version(*)[0m
Processing by ArticlesController#index as */*
Completed 200 OK in 14ms (Views: 0.3ms | ActiveRecord: 0.0ms | Allocations: 3263)


Started GET "/articles" for 127.0.0.1 at 2023-07-05 07:22:56 +0000
Processing by ArticlesController#index as */*
Completed 200 OK in 1ms (Views: 0.1ms | ActiveRecord: 0.0ms | Allocations: 105)


  [1m[35m (1.2ms)[0m  [1m[34mSELECT sqlite_version(*)[0m
  [1m[36mTRANSACTION (0.9ms)[0m  [1m[36mbegin transaction[0m
  [1m[36mArticle Create (3.8ms)[0m  [1m[32mINSERT INTO "articles" ("title", "body", "created_at", "updated_at") VALUES (?, ?, ?, ?)[0m  [["title", "é•·å°¾ç ”Wiki"], ["body", "é•·å°¾å…ˆç”Ÿã¯NEDOãŒå«Œã„"], ["created_at", "2023-07-05 08:09:35.206328"], ["updated_at", "2023-07-05 08:09:35.206328"]]
  [1m[36mTRANSACTION (4.7ms)[0m  [1m[36mcommit transaction[0m
Started GET "/articles" for 127.0.0.1 at 2023-07-05 08:20:01 +0000
  
SyntaxError (/home/ec2-user/environment/my_api/app/controllers/articles_controller.rb:4: syntax error, unexpected instance variable, expecting `end'
    render :json @articles
                 ^~~~~~~~~
):
  
app/controllers/articles_controller.rb:4: syntax error, unexpected instance variable, expecting `end'
app/controllers/articles_controller.rb:4: syntax error, unexpected instance variable, expecting `end'
Started GET "/articles" for 127.0.0.1 at 2023-07-05 08:20:33 +0000
Processing by ArticlesController#index as */*
  [1m[35m (0.1ms)[0m  [1m[34mSELECT sqlite_version(*)[0m
  â†³ app/controllers/articles_controller.rb:3:in `index'
  [1m[36mArticle Load (0.1ms)[0m  [1m[34mSELECT "articles".* FROM "articles" ORDER BY "articles"."id" ASC LIMIT ?[0m  [["LIMIT", 10]]
  â†³ app/controllers/articles_controller.rb:3:in `index'
Completed 200 OK in 25ms (Views: 0.6ms | ActiveRecord: 1.0ms | Allocations: 7783)


Started GET "/articles" for 127.0.0.1 at 2023-07-05 09:08:10 +0000
Processing by ArticlesController#index as */*
  [1m[35m (0.1ms)[0m  [1m[34mSELECT sqlite_version(*)[0m
  â†³ app/controllers/articles_controller.rb:3:in `index'
  [1m[36mArticle Load (0.1ms)[0m  [1m[34mSELECT "articles".* FROM "articles" ORDER BY "articles"."id" ASC LIMIT ?[0m  [["LIMIT", 10]]
  â†³ app/controllers/articles_controller.rb:3:in `index'
Completed 200 OK in 25ms (Views: 2.4ms | ActiveRecord: 3.6ms | Allocations: 1426)


Started GET "/articles" for 127.0.0.1 at 2023-07-05 09:08:38 +0000
Processing by ArticlesController#index as */*
  [1m[36mArticle Load (0.1ms)[0m  [1m[34mSELECT "articles".* FROM "articles" ORDER BY "articles"."id" ASC LIMIT ?[0m  [["LIMIT", 10]]
  â†³ app/controllers/articles_controller.rb:3:in `index'
Completed 200 OK in 19ms (Views: 1.2ms | ActiveRecord: 0.1ms | Allocations: 720)


Started GET "/articles" for 127.0.0.1 at 2023-07-05 09:11:30 +0000
Processing by ArticlesController#index as */*
  [1m[35m (0.1ms)[0m  [1m[34mSELECT sqlite_version(*)[0m
  â†³ app/controllers/articles_controller.rb:3:in `index'
  [1m[36mArticle Load (0.1ms)[0m  [1m[34mSELECT "articles".* FROM "articles" ORDER BY "articles"."id" ASC LIMIT ?[0m  [["LIMIT", 10]]
  â†³ app/controllers/articles_controller.rb:3:in `index'
Completed 500 Internal Server Error in 85ms (ActiveRecord: 1.6ms | Allocations: 6468)


  
NameError (uninitialized constant ArticlesController::ArticleSerializer):
  
app/controllers/articles_controller.rb:4:in `index'
Started GET "/articles" for 127.0.0.1 at 2023-07-05 09:13:14 +0000
Processing by ArticlesController#index as */*
  [1m[36mArticle Load (0.1ms)[0m  [1m[34mSELECT "articles".* FROM "articles" ORDER BY "articles"."id" ASC LIMIT ?[0m  [["LIMIT", 10]]
  â†³ app/controllers/articles_controller.rb:3:in `index'
Completed 500 Internal Server Error in 7ms (ActiveRecord: 0.1ms | Allocations: 2236)


  
NameError (uninitialized constant ArticlesController::ArticleSerializer):
  
app/controllers/articles_controller.rb:4:in `index'
Started GET "/articles" for 127.0.0.1 at 2023-07-05 09:21:20 +0000
Processing by ArticlesController#index as */*
  [1m[35m (0.1ms)[0m  [1m[34mSELECT sqlite_version(*)[0m
  â†³ app/controllers/articles_controller.rb:3:in `index'
  [1m[36mArticle Load (0.1ms)[0m  [1m[34mSELECT "articles".* FROM "articles" ORDER BY "articles"."id" ASC LIMIT ?[0m  [["LIMIT", 10]]
  â†³ app/controllers/articles_controller.rb:3:in `index'
Completed 500 Internal Server Error in 11ms (ActiveRecord: 1.3ms | Allocations: 2767)


  
NameError (uninitialized constant ArticlesController::ArticleSerializer):
  
app/controllers/articles_controller.rb:4:in `index'
Started GET "/articles" for 127.0.0.1 at 2023-07-05 09:31:33 +0000
Processing by ArticlesController#index as */*
  [1m[35m (0.1ms)[0m  [1m[34mSELECT sqlite_version(*)[0m
  â†³ app/controllers/articles_controller.rb:3:in `index'
  [1m[36mArticle Load (0.1ms)[0m  [1m[34mSELECT "articles".* FROM "articles" ORDER BY "articles"."id" ASC LIMIT ?[0m  [["LIMIT", 10]]
  â†³ app/controllers/articles_controller.rb:3:in `index'
Completed 500 Internal Server Error in 7ms (ActiveRecord: 0.4ms | Allocations: 2752)


  
NameError (uninitialized constant ArticlesController::ArticleSerializer):
  
app/controllers/articles_controller.rb:4:in `index'
Started GET "/articles" for 127.0.0.1 at 2023-07-05 09:44:20 +0000
Processing by ArticlesController#index as */*
  [1m[35m (0.1ms)[0m  [1m[34mSELECT sqlite_version(*)[0m
  â†³ app/controllers/articles_controller.rb:3:in `index'
  [1m[36mArticle Load (0.2ms)[0m  [1m[34mSELECT "articles".* FROM "articles" ORDER BY "articles"."id" ASC LIMIT ?[0m  [["LIMIT", 10]]
  â†³ app/controllers/articles_controller.rb:3:in `index'
Completed 500 Internal Server Error in 14ms (ActiveRecord: 0.7ms | Allocations: 2753)


  
NameError (uninitialized constant ArticlesController::ArticleSerializer):
  
app/controllers/articles_controller.rb:4:in `index'
Started GET "/articles" for 127.0.0.1 at 2023-07-05 09:45:01 +0000
  
Zeitwerk::NameError (expected file /home/ec2-user/environment/my_api/app/controllers/articles_controller.rb to define constant ArticlesController, but didn't):
  
zeitwerk (2.6.8) lib/zeitwerk/loader/callbacks.rb:25:in `on_file_autoloaded'
zeitwerk (2.6.8) lib/zeitwerk/kernel.rb:31:in `require'
activesupport (6.1.7.4) lib/active_support/inflector/methods.rb:273:in `const_get'
activesupport (6.1.7.4) lib/active_support/inflector/methods.rb:273:in `constantize'
activesupport (6.1.7.4) lib/active_support/dependencies/zeitwerk_integration.rb:19:in `constantize'
actionpack (6.1.7.4) lib/action_dispatch/http/request.rb:93:in `controller_class_for'
actionpack (6.1.7.4) lib/action_dispatch/request/utils.rb:95:in `action_encoding_template'
actionpack (6.1.7.4) lib/action_dispatch/request/utils.rb:83:in `encode'
actionpack (6.1.7.4) lib/action_dispatch/request/utils.rb:45:in `set_binary_encoding'
actionpack (6.1.7.4) lib/action_dispatch/http/parameters.rb:68:in `path_parameters='
actionpack (6.1.7.4) lib/action_dispatch/journey/router.rb:48:in `block in serve'
actionpack (6.1.7.4) lib/action_dispatch/journey/router.rb:32:in `each'
actionpack (6.1.7.4) lib/action_dispatch/journey/router.rb:32:in `serve'
actionpack (6.1.7.4) lib/action_dispatch/routing/route_set.rb:842:in `call'
rack (2.2.7) lib/rack/etag.rb:27:in `call'
rack (2.2.7) lib/rack/conditional_get.rb:27:in `call'
rack (2.2.7) lib/rack/head.rb:12:in `call'
activerecord (6.1.7.4) lib/active_record/migration.rb:601:in `call'
actionpack (6.1.7.4) lib/action_dispatch/middleware/callbacks.rb:27:in `block in call'
activesupport (6.1.7.4) lib/active_support/callbacks.rb:98:in `run_callbacks'
actionpack (6.1.7.4) lib/action_dispatch/middleware/callbacks.rb:26:in `call'
actionpack (6.1.7.4) lib/action_dispatch/middleware/executor.rb:14:in `call'
actionpack (6.1.7.4) lib/action_dispatch/middleware/actionable_exceptions.rb:18:in `call'
actionpack (6.1.7.4) lib/action_dispatch/middleware/debug_exceptions.rb:29:in `call'
actionpack (6.1.7.4) lib/action_dispatch/middleware/show_exceptions.rb:33:in `call'
railties (6.1.7.4) lib/rails/rack/logger.rb:37:in `call_app'
railties (6.1.7.4) lib/rails/rack/logger.rb:26:in `block in call'
activesupport (6.1.7.4) lib/active_support/tagged_logging.rb:99:in `block in tagged'
activesupport (6.1.7.4) lib/active_support/tagged_logging.rb:37:in `tagged'
activesupport (6.1.7.4) lib/active_support/tagged_logging.rb:99:in `tagged'
railties (6.1.7.4) lib/rails/rack/logger.rb:26:in `call'
actionpack (6.1.7.4) lib/action_dispatch/middleware/remote_ip.rb:81:in `call'
actionpack (6.1.7.4) lib/action_dispatch/middleware/request_id.rb:26:in `call'
rack (2.2.7) lib/rack/runtime.rb:22:in `call'
activesupport (6.1.7.4) lib/active_support/cache/strategy/local_cache_middleware.rb:29:in `call'
actionpack (6.1.7.4) lib/action_dispatch/middleware/executor.rb:14:in `call'
actionpack (6.1.7.4) lib/action_dispatch/middleware/static.rb:24:in `call'
rack (2.2.7) lib/rack/sendfile.rb:110:in `call'
actionpack (6.1.7.4) lib/action_dispatch/middleware/host_authorization.rb:148:in `call'
railties (6.1.7.4) lib/rails/engine.rb:539:in `call'
puma (5.6.6) lib/puma/configuration.rb:252:in `call'
puma (5.6.6) lib/puma/request.rb:77:in `block in handle_request'
puma (5.6.6) lib/puma/thread_pool.rb:340:in `with_force_shutdown'
puma (5.6.6) lib/puma/request.rb:76:in `handle_request'
puma (5.6.6) lib/puma/server.rb:443:in `process_client'
puma (5.6.6) lib/puma/thread_pool.rb:147:in `block in spawn_thread'
Started GET "/articles" for 127.0.0.1 at 2023-07-05 09:47:01 +0000
Processing by ArticlesController#index as */*
  [1m[35m (0.1ms)[0m  [1m[34mSELECT sqlite_version(*)[0m
  â†³ app/controllers/articles_controller.rb:3:in `index'
  [1m[36mArticle Load (0.1ms)[0m  [1m[34mSELECT "articles".* FROM "articles" ORDER BY "articles"."id" ASC LIMIT ?[0m  [["LIMIT", 10]]
  â†³ app/controllers/articles_controller.rb:3:in `index'
Completed 500 Internal Server Error in 15ms (ActiveRecord: 1.0ms | Allocations: 6302)


  
NameError (uninitialized constant ArticlesController::ArticleSerializer):
  
app/controllers/articles_controller.rb:4:in `index'
Started GET "/articles" for 127.0.0.1 at 2023-07-05 09:48:21 +0000
Processing by ArticlesController#index as */*
  [1m[35m (0.1ms)[0m  [1m[34mSELECT sqlite_version(*)[0m
  â†³ app/controllers/articles_controller.rb:3:in `index'
  [1m[36mArticle Load (0.1ms)[0m  [1m[34mSELECT "articles".* FROM "articles" ORDER BY "articles"."id" ASC LIMIT ?[0m  [["LIMIT", 10]]
  â†³ app/controllers/articles_controller.rb:3:in `index'
Completed 200 OK in 12ms (Views: 0.5ms | ActiveRecord: 1.2ms | Allocations: 4790)


Started GET "/articles" for 127.0.0.1 at 2023-07-05 09:49:26 +0000
Processing by ArticlesController#index as */*
  [1m[35m (0.1ms)[0m  [1m[34mSELECT sqlite_version(*)[0m
  â†³ app/controllers/articles_controller.rb:3:in `index'
  [1m[36mArticle Load (0.1ms)[0m  [1m[34mSELECT "articles".* FROM "articles" ORDER BY "articles"."id" ASC LIMIT ?[0m  [["LIMIT", 10]]
  â†³ app/controllers/articles_controller.rb:3:in `index'
Completed 500 Internal Server Error in 14ms (ActiveRecord: 1.6ms | Allocations: 6238)


  
NameError (uninitialized constant ArticlesController::ArticleSerialize):
  
app/controllers/articles_controller.rb:4:in `index'
Started GET "/articles" for 127.0.0.1 at 2023-07-05 09:49:40 +0000
Processing by ArticlesController#index as */*
  [1m[36mArticle Load (0.2ms)[0m  [1m[34mSELECT "articles".* FROM "articles" ORDER BY "articles"."id" ASC LIMIT ?[0m  [["LIMIT", 10]]
  â†³ app/controllers/articles_controller.rb:3:in `index'
Completed 500 Internal Server Error in 6ms (ActiveRecord: 0.2ms | Allocations: 2243)


  
NameError (uninitialized constant ArticlesController::ArticleSerialize):
  
app/controllers/articles_controller.rb:4:in `index'
Started GET "/articles" for 127.0.0.1 at 2023-07-05 10:08:04 +0000
Processing by ArticlesController#index as */*
  [1m[35m (0.1ms)[0m  [1m[34mSELECT sqlite_version(*)[0m
  â†³ app/controllers/articles_controller.rb:3:in `index'
  [1m[36mArticle Load (0.1ms)[0m  [1m[34mSELECT "articles".* FROM "articles" ORDER BY "articles"."id" ASC LIMIT ?[0m  [["LIMIT", 10]]
  â†³ app/controllers/articles_controller.rb:3:in `index'
Completed 500 Internal Server Error in 8ms (ActiveRecord: 0.5ms | Allocations: 2761)


  
NameError (uninitialized constant ArticlesController::ArticleSerialize):
  
app/controllers/articles_controller.rb:4:in `index'
Started GET "/articles" for 127.0.0.1 at 2023-07-05 10:08:49 +0000
  [1m[35m (1.0ms)[0m  [1m[34mSELECT sqlite_version(*)[0m
Processing by ArticlesController#index as */*
  [1m[36mArticle Load (0.1ms)[0m  [1m[34mSELECT "articles".* FROM "articles" ORDER BY "articles"."id" ASC LIMIT ?[0m  [["LIMIT", 10]]
  â†³ app/controllers/articles_controller.rb:3:in `index'
Completed 500 Internal Server Error in 24ms (ActiveRecord: 0.7ms | Allocations: 10692)


  
NameError (uninitialized constant ArticlesController::ArticleSerialize
Did you mean?  ArticleSerializer):
  
app/controllers/articles_controller.rb:4:in `index'
Started GET "/articles" for 127.0.0.1 at 2023-07-05 10:09:46 +0000
Processing by ArticlesController#index as */*
  [1m[35m (0.1ms)[0m  [1m[34mSELECT sqlite_version(*)[0m
  â†³ app/controllers/articles_controller.rb:3:in `index'
  [1m[36mArticle Load (0.1ms)[0m  [1m[34mSELECT "articles".* FROM "articles" ORDER BY "articles"."id" ASC LIMIT ?[0m  [["LIMIT", 10]]
  â†³ app/controllers/articles_controller.rb:3:in `index'
[active_model_serializers] Rendered ArticleSerializer with ActiveModelSerializers::Adapter::Attributes (2.3ms)
Completed 500 Internal Server Error in 24ms (ActiveRecord: 1.1ms | Allocations: 8085)


  
NoMethodError (undefined method `model_name' for Array:Class
Did you mean?  module_parent):
  
app/controllers/articles_controller.rb:4:in `index'
Started GET "/articles" for 127.0.0.1 at 2023-07-05 10:12:27 +0000
Processing by ArticlesController#index as */*
  [1m[35m (0.1ms)[0m  [1m[34mSELECT sqlite_version(*)[0m
  â†³ app/controllers/articles_controller.rb:3:in `index'
  [1m[36mArticle Load (0.1ms)[0m  [1m[34mSELECT "articles".* FROM "articles" ORDER BY "articles"."id" ASC LIMIT ?[0m  [["LIMIT", 10]]
  â†³ app/controllers/articles_controller.rb:3:in `index'
[active_model_serializers] Rendered ActiveModel::Serializer::CollectionSerializer with ActiveModelSerializers::Adapter::Attributes (0.73ms)
Completed 200 OK in 13ms (Views: 2.2ms | ActiveRecord: 1.2ms | Allocations: 5485)


  [1m[35m (2.6ms)[0m  [1m[34mSELECT sqlite_version(*)[0m
  [1m[36mArticle Load (0.2ms)[0m  [1m[34mSELECT "articles".* FROM "articles"[0m
  [1m[35m (1.2ms)[0m  [1m[34mSELECT sqlite_version(*)[0m
  [1m[35m (0.1ms)[0m  [1m[34mSELECT sqlite_version(*)[0m
  [1m[35m (0.1ms)[0m  [1m[35mPRAGMA foreign_keys[0m
  [1m[35m (0.0ms)[0m  [1m[35mPRAGMA defer_foreign_keys[0m
  [1m[35m (0.0ms)[0m  [1m[35mPRAGMA defer_foreign_keys = ON[0m
  [1m[35m (0.0ms)[0m  [1m[35mPRAGMA foreign_keys = OFF[0m
  [1m[36mTruncate Tables (1.7ms)[0m  [1m[31mDELETE FROM "articles"[0m
  [1m[35m (0.1ms)[0m  [1m[35mPRAGMA defer_foreign_keys = 0[0m
  [1m[35m (0.0ms)[0m  [1m[35mPRAGMA foreign_keys = 1[0m
  [1m[35m (0.0ms)[0m  [1m[34mSELECT sqlite_version(*)[0m
  [1m[35m (2.5ms)[0m  [1m[35mCREATE TABLE "schema_migrations" ("version" varchar NOT NULL PRIMARY KEY)[0m
  [1m[35m (1.6ms)[0m  [1m[35mCREATE TABLE "ar_internal_metadata" ("key" varchar NOT NULL PRIMARY KEY, "value" varchar, "created_at" datetime(6) NOT NULL, "updated_at" datetime(6) NOT NULL)[0m
  [1m[35m (0.4ms)[0m  [1m[34mSELECT "schema_migrations"."version" FROM "schema_migrations" ORDER BY "schema_migrations"."version" ASC[0m
  [1m[35m (0.9ms)[0m  [1m[34mSELECT sqlite_version(*)[0m
  [1m[36mArticle Load (0.4ms)[0m  [1m[34mSELECT "articles".* FROM "articles"[0m
  [1m[35m (2.2ms)[0m  [1m[34mSELECT sqlite_version(*)[0m
  [1m[35m (0.5ms)[0m  [1m[34mSELECT "schema_migrations"."version" FROM "schema_migrations" ORDER BY "schema_migrations"."version" ASC[0m
  [1m[35m (0.1ms)[0m  [1m[34mSELECT sqlite_version(*)[0m
  [1m[36mTRANSACTION (0.0ms)[0m  [1m[36mbegin transaction[0m
  [1m[36mArticle Create (2.4ms)[0m  [1m[32mINSERT INTO "articles" ("title", "body", "created_at", "updated_at") VALUES (?, ?, ?, ?)[0m  [["title", "é•·å°¾ç ”Wiki"], ["body", "é•·å°¾ç ”ã®é€²åŒ–è¨ˆç®—ã¯æ—¥æœ¬ä¸€ãƒãƒãƒãƒãƒãƒ"], ["created_at", "2023-07-06 11:07:22.009270"], ["updated_at", "2023-07-06 11:07:22.009270"]]
  [1m[36mTRANSACTION (1.1ms)[0m  [1m[36mcommit transaction[0m
  [1m[36mTRANSACTION (0.0ms)[0m  [1m[36mbegin transaction[0m
  [1m[36mArticle Create (0.3ms)[0m  [1m[32mINSERT INTO "articles" ("title", "body", "created_at", "updated_at") VALUES (?, ?, ?, ?)[0m  [["title", "æ¨ã—ã®å­"], ["body", "é‡æ›¹ã‚’èˆã‚ã‚‹å¤©æ‰å­å½¹"], ["created_at", "2023-07-06 11:07:22.017734"], ["updated_at", "2023-07-06 11:07:22.017734"]]
  [1m[36mTRANSACTION (0.8ms)[0m  [1m[36mcommit transaction[0m
  [1m[36mTRANSACTION (0.0ms)[0m  [1m[36mbegin transaction[0m
  [1m[36mArticle Create (0.4ms)[0m  [1m[32mINSERT INTO "articles" ("title", "body", "created_at", "updated_at") VALUES (?, ?, ?, ?)[0m  [["title", "å‘ªè¡“å»»æˆ¦"], ["body", "å¤±ç¤¼ã ãªã€ç´”æ„›ã ã‚ˆ"], ["created_at", "2023-07-06 11:07:22.021332"], ["updated_at", "2023-07-06 11:07:22.021332"]]
  [1m[36mTRANSACTION (0.8ms)[0m  [1m[36mcommit transaction[0m
  [1m[36mTRANSACTION (0.0ms)[0m  [1m[36mbegin transaction[0m
  [1m[36mArticle Create (0.3ms)[0m  [1m[32mINSERT INTO "articles" ("title", "body", "created_at", "updated_at") VALUES (?, ?, ?, ?)[0m  [["title", "ã‚¸ãƒ§ã‚¸ãƒ§ ã‚¹ã‚¿ãƒ¼ãƒ€ã‚¹ãƒˆã‚¯ãƒ«ã‚»ã‚¤ãƒ€ãƒ¼ã‚º"], ["body", "ãƒ†ãƒ¡ã‚§ã¯ä¿ºã‚’æ€’ã‚‰ã›ãŸ"], ["created_at", "2023-07-06 11:07:22.025502"], ["updated_at", "2023-07-06 11:07:22.025502"]]
  [1m[36mTRANSACTION (0.6ms)[0m  [1m[36mcommit transaction[0m
Started GET "/articles" for 127.0.0.1 at 2023-07-06 20:11:05 +0900
  [1m[35m (1.1ms)[0m  [1m[34mSELECT sqlite_version(*)[0m
  [1m[35m (0.2ms)[0m  [1m[34mSELECT "schema_migrations"."version" FROM "schema_migrations" ORDER BY "schema_migrations"."version" ASC[0m
Processing by ArticlesController#index as */*
  [1m[36mArticle Load (0.3ms)[0m  [1m[34mSELECT "articles".* FROM "articles" ORDER BY "articles"."id" ASC LIMIT ?[0m  [["LIMIT", 10]]
  â†³ app/controllers/articles_controller.rb:3:in `index'
[active_model_serializers] Rendered ActiveModel::Serializer::CollectionSerializer with ActiveModelSerializers::Adapter::Attributes (1.12ms)
Completed 200 OK in 77ms (Views: 53.3ms | ActiveRecord: 1.0ms | Allocations: 11125)


  [1m[35m (1.4ms)[0m  [1m[34mSELECT sqlite_version(*)[0m
  [1m[35m (0.1ms)[0m  [1m[34mSELECT "schema_migrations"."version" FROM "schema_migrations" ORDER BY "schema_migrations"."version" ASC[0m
  [1m[35m (0.1ms)[0m  [1m[34mSELECT "schema_migrations"."version" FROM "schema_migrations" ORDER BY "schema_migrations"."version" ASC[0m
  [1m[35m (0.0ms)[0m  [1m[34mSELECT sqlite_version(*)[0m
  [1m[35m (0.0ms)[0m  [1m[34mSELECT sqlite_version(*)[0m
  [1m[35m (0.1ms)[0m  [1m[34mSELECT sqlite_version(*)[0m
  [1m[35m (3.2ms)[0m  [1m[35mCREATE TABLE "schema_migrations" ("version" varchar NOT NULL PRIMARY KEY)[0m
  [1m[35m (0.7ms)[0m  [1m[35mCREATE TABLE "ar_internal_metadata" ("key" varchar NOT NULL PRIMARY KEY, "value" varchar, "created_at" datetime(6) NOT NULL, "updated_at" datetime(6) NOT NULL)[0m
  [1m[36mActiveRecord::InternalMetadata Load (0.3ms)[0m  [1m[34mSELECT "ar_internal_metadata".* FROM "ar_internal_metadata" WHERE "ar_internal_metadata"."key" = ? LIMIT ?[0m  [["key", "environment"], ["LIMIT", 1]]
  [1m[36mTRANSACTION (0.1ms)[0m  [1m[36mbegin transaction[0m
  [1m[36mActiveRecord::InternalMetadata Create (0.3ms)[0m  [1m[32mINSERT INTO "ar_internal_metadata" ("key", "value", "created_at", "updated_at") VALUES (?, ?, ?, ?)[0m  [["key", "environment"], ["value", "development"], ["created_at", "2023-07-06 11:24:50.372355"], ["updated_at", "2023-07-06 11:24:50.372355"]]
  [1m[36mTRANSACTION (0.7ms)[0m  [1m[36mcommit transaction[0m
  [1m[35m (0.0ms)[0m  [1m[34mSELECT sqlite_version(*)[0m
  [1m[35m (0.1ms)[0m  [1m[34mSELECT "schema_migrations"."version" FROM "schema_migrations" ORDER BY "schema_migrations"."version" ASC[0m
  [1m[35m (10.2ms)[0m  [1m[34mSELECT sqlite_version(*)[0m
  [1m[35m (0.1ms)[0m  [1m[34mSELECT "schema_migrations"."version" FROM "schema_migrations" ORDER BY "schema_migrations"."version" ASC[0m
  [1m[35m (0.1ms)[0m  [1m[34mSELECT sqlite_version(*)[0m
Started GET "/articles" for 127.0.0.1 at 2023-07-06 20:25:11 +0900
  [1m[35m (0.6ms)[0m  [1m[34mSELECT sqlite_version(*)[0m
  [1m[35m (0.1ms)[0m  [1m[34mSELECT "schema_migrations"."version" FROM "schema_migrations" ORDER BY "schema_migrations"."version" ASC[0m
Processing by ArticlesController#index as */*
  [1m[36mArticle Load (0.3ms)[0m  [1m[34mSELECT "articles".* FROM "articles" ORDER BY "articles"."id" ASC LIMIT ?[0m  [["LIMIT", 10]]
  â†³ app/controllers/articles_controller.rb:3:in `index'
Completed 500 Internal Server Error in 8ms (ActiveRecord: 0.4ms | Allocations: 3834)


  
ActiveRecord::StatementInvalid (SQLite3::SQLException: no such table: articles):
  
app/controllers/articles_controller.rb:3:in `index'
  [1m[35m (1.1ms)[0m  [1m[34mSELECT sqlite_version(*)[0m
  [1m[35m (0.1ms)[0m  [1m[34mSELECT "schema_migrations"."version" FROM "schema_migrations" ORDER BY "schema_migrations"."version" ASC[0m
  [1m[35m (0.0ms)[0m  [1m[34mSELECT sqlite_version(*)[0m
  [1m[36mTRANSACTION (0.0ms)[0m  [1m[36mbegin transaction[0m
  [1m[36mArticle Create (0.4ms)[0m  [1m[32mINSERT INTO "articles" ("title", "body", "created_at", "updated_at") VALUES (?, ?, ?, ?)[0m  [["title", "é•·å°¾ç ”Wiki"], ["body", "é•·å°¾ç ”ã®é€²åŒ–è¨ˆç®—ã¯æ—¥æœ¬ä¸€ãƒãƒãƒãƒãƒãƒ"], ["created_at", "2023-07-06 11:26:07.819375"], ["updated_at", "2023-07-06 11:26:07.819375"]]
  [1m[36mTRANSACTION (0.6ms)[0m  [1m[36mcommit transaction[0m
  [1m[36mTRANSACTION (0.0ms)[0m  [1m[36mbegin transaction[0m
  [1m[36mArticle Create (0.3ms)[0m  [1m[32mINSERT INTO "articles" ("title", "body", "created_at", "updated_at") VALUES (?, ?, ?, ?)[0m  [["title", "æ¨ã—ã®å­"], ["body", "é‡æ›¹ã‚’èˆã‚ã‚‹å¤©æ‰å­å½¹"], ["created_at", "2023-07-06 11:26:07.823529"], ["updated_at", "2023-07-06 11:26:07.823529"]]
  [1m[36mTRANSACTION (0.6ms)[0m  [1m[36mcommit transaction[0m
  [1m[36mTRANSACTION (0.0ms)[0m  [1m[36mbegin transaction[0m
  [1m[36mArticle Create (0.4ms)[0m  [1m[32mINSERT INTO "articles" ("title", "body", "created_at", "updated_at") VALUES (?, ?, ?, ?)[0m  [["title", "å‘ªè¡“å»»æˆ¦"], ["body", "å¤±ç¤¼ã ãªã€ç´”æ„›ã ã‚ˆ"], ["created_at", "2023-07-06 11:26:07.851729"], ["updated_at", "2023-07-06 11:26:07.851729"]]
  [1m[36mTRANSACTION (0.7ms)[0m  [1m[36mcommit transaction[0m
  [1m[36mTRANSACTION (0.0ms)[0m  [1m[36mbegin transaction[0m
  [1m[36mArticle Create (0.3ms)[0m  [1m[32mINSERT INTO "articles" ("title", "body", "created_at", "updated_at") VALUES (?, ?, ?, ?)[0m  [["title", "ã‚¸ãƒ§ã‚¸ãƒ§ ã‚¹ã‚¿ãƒ¼ãƒ€ã‚¹ãƒˆã‚¯ãƒ«ã‚»ã‚¤ãƒ€ãƒ¼ã‚º"], ["body", "ãƒ†ãƒ¡ã‚§ã¯ä¿ºã‚’æ€’ã‚‰ã›ãŸ"], ["created_at", "2023-07-06 11:26:07.887896"], ["updated_at", "2023-07-06 11:26:07.887896"]]
  [1m[36mTRANSACTION (0.7ms)[0m  [1m[36mcommit transaction[0m
Started GET "/articles" for 127.0.0.1 at 2023-07-06 20:26:13 +0900
  [1m[35m (0.6ms)[0m  [1m[34mSELECT sqlite_version(*)[0m
  [1m[35m (0.1ms)[0m  [1m[34mSELECT "schema_migrations"."version" FROM "schema_migrations" ORDER BY "schema_migrations"."version" ASC[0m
Processing by ArticlesController#index as */*
  [1m[36mArticle Load (0.1ms)[0m  [1m[34mSELECT "articles".* FROM "articles" ORDER BY "articles"."id" ASC LIMIT ?[0m  [["LIMIT", 10]]
  â†³ app/controllers/articles_controller.rb:3:in `index'
[active_model_serializers] Rendered ActiveModel::Serializer::CollectionSerializer with ActiveModelSerializers::Adapter::Attributes (1.14ms)
Completed 200 OK in 18ms (Views: 6.9ms | ActiveRecord: 0.5ms | Allocations: 9465)


  [1m[35m (1.1ms)[0m  [1m[34mSELECT sqlite_version(*)[0m
  [1m[35m (0.2ms)[0m  [1m[34mSELECT "schema_migrations"."version" FROM "schema_migrations" ORDER BY "schema_migrations"."version" ASC[0m
  [1m[35m (0.1ms)[0m  [1m[34mSELECT "schema_migrations"."version" FROM "schema_migrations" ORDER BY "schema_migrations"."version" ASC[0m
  [1m[35m (0.0ms)[0m  [1m[34mSELECT sqlite_version(*)[0m
  [1m[35m (0.0ms)[0m  [1m[35mPRAGMA foreign_keys[0m
  [1m[35m (0.0ms)[0m  [1m[35mPRAGMA defer_foreign_keys[0m
  [1m[35m (0.0ms)[0m  [1m[35mPRAGMA defer_foreign_keys = ON[0m
  [1m[35m (0.0ms)[0m  [1m[35mPRAGMA foreign_keys = OFF[0m
  [1m[36mTruncate Tables (1.6ms)[0m  [1m[31mDELETE FROM "articles"[0m
  [1m[35m (0.0ms)[0m  [1m[35mPRAGMA defer_foreign_keys = 0[0m
  [1m[35m (0.0ms)[0m  [1m[35mPRAGMA foreign_keys = 1[0m
  [1m[35m (0.0ms)[0m  [1m[34mSELECT sqlite_version(*)[0m
  [1m[35m (0.1ms)[0m  [1m[34mSELECT "schema_migrations"."version" FROM "schema_migrations" ORDER BY "schema_migrations"."version" ASC[0m
  [1m[35m (0.0ms)[0m  [1m[34mSELECT sqlite_version(*)[0m
  [1m[36mTRANSACTION (0.1ms)[0m  [1m[36mbegin transaction[0m
  [1m[36mArticle Create (0.4ms)[0m  [1m[32mINSERT INTO "articles" ("title", "body", "created_at", "updated_at") VALUES (?, ?, ?, ?)[0m  [["title", "é•·å°¾ç ”Wiki"], ["body", "é•·å°¾ç ”ã®é€²åŒ–è¨ˆç®—ã¯æ—¥æœ¬ä¸€ãƒãƒãƒãƒãƒãƒ"], ["created_at", "2023-07-06 11:27:15.287782"], ["updated_at", "2023-07-06 11:27:15.287782"]]
  [1m[36mTRANSACTION (0.8ms)[0m  [1m[36mcommit transaction[0m
  [1m[36mTRANSACTION (0.0ms)[0m  [1m[36mbegin transaction[0m
  [1m[36mArticle Create (0.3ms)[0m  [1m[32mINSERT INTO "articles" ("title", "body", "created_at", "updated_at") VALUES (?, ?, ?, ?)[0m  [["title", "æ¨ã—ã®å­"], ["body", "é‡æ›¹ã‚’èˆã‚ã‚‹å¤©æ‰å­å½¹"], ["created_at", "2023-07-06 11:27:15.292552"], ["updated_at", "2023-07-06 11:27:15.292552"]]
  [1m[36mTRANSACTION (0.7ms)[0m  [1m[36mcommit transaction[0m
  [1m[36mTRANSACTION (0.0ms)[0m  [1m[36mbegin transaction[0m
  [1m[36mArticle Create (0.4ms)[0m  [1m[32mINSERT INTO "articles" ("title", "body", "created_at", "updated_at") VALUES (?, ?, ?, ?)[0m  [["title", "å‘ªè¡“å»»æˆ¦"], ["body", "å¤±ç¤¼ã ãªã€ç´”æ„›ã ã‚ˆ"], ["created_at", "2023-07-06 11:27:15.296760"], ["updated_at", "2023-07-06 11:27:15.296760"]]
  [1m[36mTRANSACTION (0.7ms)[0m  [1m[36mcommit transaction[0m
  [1m[36mTRANSACTION (0.0ms)[0m  [1m[36mbegin transaction[0m
  [1m[36mArticle Create (0.4ms)[0m  [1m[32mINSERT INTO "articles" ("title", "body", "created_at", "updated_at") VALUES (?, ?, ?, ?)[0m  [["title", "ã‚¸ãƒ§ã‚¸ãƒ§ ã‚¹ã‚¿ãƒ¼ãƒ€ã‚¹ãƒˆã‚¯ãƒ«ã‚»ã‚¤ãƒ€ãƒ¼ã‚º"], ["body", "ãƒ†ãƒ¡ã‚§ã¯ä¿ºã‚’æ€’ã‚‰ã›ãŸ"], ["created_at", "2023-07-06 11:27:15.300486"], ["updated_at", "2023-07-06 11:27:15.300486"]]
  [1m[36mTRANSACTION (0.6ms)[0m  [1m[36mcommit transaction[0m
Started GET "/articles" for 127.0.0.1 at 2023-07-06 20:28:12 +0900
  [1m[35m (1.0ms)[0m  [1m[34mSELECT sqlite_version(*)[0m
  [1m[35m (0.1ms)[0m  [1m[34mSELECT "schema_migrations"."version" FROM "schema_migrations" ORDER BY "schema_migrations"."version" ASC[0m
Processing by ArticlesController#index as */*
  [1m[36mArticle Load (0.2ms)[0m  [1m[34mSELECT "articles".* FROM "articles" ORDER BY "articles"."id" ASC LIMIT ?[0m  [["LIMIT", 10]]
  â†³ app/controllers/articles_controller.rb:3:in `index'
[active_model_serializers] Rendered ActiveModel::Serializer::CollectionSerializer with ActiveModelSerializers::Adapter::Attributes (1.42ms)
Completed 200 OK in 18ms (Views: 7.0ms | ActiveRecord: 0.6ms | Allocations: 9465)


  [1m[35m (0.8ms)[0m  [1m[34mSELECT sqlite_version(*)[0m
  [1m[35m (0.1ms)[0m  [1m[34mSELECT "schema_migrations"."version" FROM "schema_migrations" ORDER BY "schema_migrations"."version" ASC[0m
  [1m[35m (0.0ms)[0m  [1m[34mSELECT "schema_migrations"."version" FROM "schema_migrations" ORDER BY "schema_migrations"."version" ASC[0m
  [1m[35m (0.0ms)[0m  [1m[34mSELECT sqlite_version(*)[0m
  [1m[35m (0.1ms)[0m  [1m[34mSELECT sqlite_version(*)[0m
  [1m[35m (0.1ms)[0m  [1m[34mSELECT sqlite_version(*)[0m
  [1m[35m (1.1ms)[0m  [1m[35mCREATE TABLE "schema_migrations" ("version" varchar NOT NULL PRIMARY KEY)[0m
  [1m[35m (0.9ms)[0m  [1m[35mCREATE TABLE "ar_internal_metadata" ("key" varchar NOT NULL PRIMARY KEY, "value" varchar, "created_at" datetime(6) NOT NULL, "updated_at" datetime(6) NOT NULL)[0m
  [1m[36mActiveRecord::InternalMetadata Load (0.1ms)[0m  [1m[34mSELECT "ar_internal_metadata".* FROM "ar_internal_metadata" WHERE "ar_internal_metadata"."key" = ? LIMIT ?[0m  [["key", "environment"], ["LIMIT", 1]]
  [1m[36mTRANSACTION (0.1ms)[0m  [1m[36mbegin transaction[0m
  [1m[36mActiveRecord::InternalMetadata Create (0.3ms)[0m  [1m[32mINSERT INTO "ar_internal_metadata" ("key", "value", "created_at", "updated_at") VALUES (?, ?, ?, ?)[0m  [["key", "environment"], ["value", "development"], ["created_at", "2023-07-06 11:29:35.329901"], ["updated_at", "2023-07-06 11:29:35.329901"]]
  [1m[36mTRANSACTION (0.7ms)[0m  [1m[36mcommit transaction[0m
  [1m[35m (0.0ms)[0m  [1m[34mSELECT sqlite_version(*)[0m
  [1m[35m (0.1ms)[0m  [1m[34mSELECT "schema_migrations"."version" FROM "schema_migrations" ORDER BY "schema_migrations"."version" ASC[0m
Started GET "/articles" for 127.0.0.1 at 2023-07-06 20:29:54 +0900
  [1m[35m (2.3ms)[0m  [1m[34mSELECT sqlite_version(*)[0m
  [1m[35m (0.1ms)[0m  [1m[34mSELECT "schema_migrations"."version" FROM "schema_migrations" ORDER BY "schema_migrations"."version" ASC[0m
Processing by ArticlesController#index as */*
  [1m[36mArticle Load (0.1ms)[0m  [1m[34mSELECT "articles".* FROM "articles" ORDER BY "articles"."id" ASC LIMIT ?[0m  [["LIMIT", 10]]
  â†³ app/controllers/articles_controller.rb:3:in `index'
[active_model_serializers] Rendered ActiveModel::Serializer::CollectionSerializer with ActiveModelSerializers::Adapter::Attributes (0.18ms)
Completed 200 OK in 11ms (Views: 3.3ms | ActiveRecord: 0.3ms | Allocations: 5271)


  [1m[35m (0.6ms)[0m  [1m[34mSELECT sqlite_version(*)[0m
  [1m[35m (0.1ms)[0m  [1m[34mSELECT "schema_migrations"."version" FROM "schema_migrations" ORDER BY "schema_migrations"."version" ASC[0m
  [1m[35m (0.0ms)[0m  [1m[34mSELECT "schema_migrations"."version" FROM "schema_migrations" ORDER BY "schema_migrations"."version" ASC[0m
  [1m[35m (0.0ms)[0m  [1m[34mSELECT sqlite_version(*)[0m
  [1m[35m (0.0ms)[0m  [1m[35mPRAGMA foreign_keys[0m
  [1m[35m (0.0ms)[0m  [1m[35mPRAGMA defer_foreign_keys[0m
  [1m[35m (0.1ms)[0m  [1m[35mPRAGMA defer_foreign_keys = ON[0m
  [1m[35m (0.0ms)[0m  [1m[35mPRAGMA foreign_keys = OFF[0m
  [1m[36mTruncate Tables (1.8ms)[0m  [1m[31mDELETE FROM "articles"[0m
  [1m[35m (0.1ms)[0m  [1m[35mPRAGMA defer_foreign_keys = 0[0m
  [1m[35m (0.1ms)[0m  [1m[35mPRAGMA foreign_keys = 1[0m
  [1m[35m (0.1ms)[0m  [1m[34mSELECT sqlite_version(*)[0m
  [1m[35m (0.1ms)[0m  [1m[34mSELECT "schema_migrations"."version" FROM "schema_migrations" ORDER BY "schema_migrations"."version" ASC[0m
  [1m[35m (0.1ms)[0m  [1m[34mSELECT sqlite_version(*)[0m
  [1m[36mTRANSACTION (0.0ms)[0m  [1m[36mbegin transaction[0m
  [1m[36mArticle Create (0.3ms)[0m  [1m[32mINSERT INTO "articles" ("title", "body", "created_at", "updated_at") VALUES (?, ?, ?, ?)[0m  [["title", "é•·å°¾ç ”Wiki"], ["body", "é•·å°¾ç ”ã®é€²åŒ–è¨ˆç®—ã¯æ—¥æœ¬ä¸€ãƒãƒãƒãƒãƒãƒ"], ["created_at", "2023-07-06 11:30:22.290662"], ["updated_at", "2023-07-06 11:30:22.290662"]]
  [1m[36mTRANSACTION (0.6ms)[0m  [1m[36mcommit transaction[0m
  [1m[36mTRANSACTION (0.0ms)[0m  [1m[36mbegin transaction[0m
  [1m[36mArticle Create (0.3ms)[0m  [1m[32mINSERT INTO "articles" ("title", "body", "created_at", "updated_at") VALUES (?, ?, ?, ?)[0m  [["title", "æ¨ã—ã®å­"], ["body", "é‡æ›¹ã‚’èˆã‚ã‚‹å¤©æ‰å­å½¹"], ["created_at", "2023-07-06 11:30:22.295302"], ["updated_at", "2023-07-06 11:30:22.295302"]]
  [1m[36mTRANSACTION (0.7ms)[0m  [1m[36mcommit transaction[0m
  [1m[36mTRANSACTION (0.0ms)[0m  [1m[36mbegin transaction[0m
  [1m[36mArticle Create (0.3ms)[0m  [1m[32mINSERT INTO "articles" ("title", "body", "created_at", "updated_at") VALUES (?, ?, ?, ?)[0m  [["title", "å‘ªè¡“å»»æˆ¦"], ["body", "å¤±ç¤¼ã ãªã€ç´”æ„›ã ã‚ˆ"], ["created_at", "2023-07-06 11:30:22.298838"], ["updated_at", "2023-07-06 11:30:22.298838"]]
  [1m[36mTRANSACTION (0.7ms)[0m  [1m[36mcommit transaction[0m
  [1m[36mTRANSACTION (0.0ms)[0m  [1m[36mbegin transaction[0m
  [1m[36mArticle Create (0.3ms)[0m  [1m[32mINSERT INTO "articles" ("title", "body", "created_at", "updated_at") VALUES (?, ?, ?, ?)[0m  [["title", "ã‚¸ãƒ§ã‚¸ãƒ§ ã‚¹ã‚¿ãƒ¼ãƒ€ã‚¹ãƒˆã‚¯ãƒ«ã‚»ã‚¤ãƒ€ãƒ¼ã‚º"], ["body", "ãƒ†ãƒ¡ã‚§ã¯ä¿ºã‚’æ€’ã‚‰ã›ãŸ"], ["created_at", "2023-07-06 11:30:22.302249"], ["updated_at", "2023-07-06 11:30:22.302249"]]
  [1m[36mTRANSACTION (0.7ms)[0m  [1m[36mcommit transaction[0m
Started GET "/articles" for 127.0.0.1 at 2023-07-06 20:30:31 +0900
  [1m[35m (1.7ms)[0m  [1m[34mSELECT sqlite_version(*)[0m
  [1m[35m (0.1ms)[0m  [1m[34mSELECT "schema_migrations"."version" FROM "schema_migrations" ORDER BY "schema_migrations"."version" ASC[0m
Processing by ArticlesController#index as */*
  [1m[36mArticle Load (0.2ms)[0m  [1m[34mSELECT "articles".* FROM "articles" ORDER BY "articles"."id" ASC LIMIT ?[0m  [["LIMIT", 10]]
  â†³ app/controllers/articles_controller.rb:3:in `index'
[active_model_serializers] Rendered ActiveModel::Serializer::CollectionSerializer with ActiveModelSerializers::Adapter::Attributes (0.81ms)
Completed 200 OK in 15ms (Views: 4.7ms | ActiveRecord: 0.6ms | Allocations: 9465)


Started POST "/articles" for 127.0.0.1 at 2023-07-06 20:43:41 +0900
  [1m[35m (0.1ms)[0m  [1m[34mSELECT sqlite_version(*)[0m
Processing by ArticlesController#create as */*
  Parameters: {"title"=>"DIO", "body"=>"ãã“ã«ç—ºã‚Œã‚‹æ†§ã‚Œã‚‹", "article"=>{"title"=>"DIO", "body"=>"ãã“ã«ç—ºã‚Œã‚‹æ†§ã‚Œã‚‹"}}
  [1m[36mTRANSACTION (0.1ms)[0m  [1m[36mbegin transaction[0m
  â†³ app/controllers/articles_controller.rb:8:in `create'
  [1m[36mArticle Create (1.0ms)[0m  [1m[32mINSERT INTO "articles" ("title", "body", "created_at", "updated_at") VALUES (?, ?, ?, ?)[0m  [["title", "DIO"], ["body", "ãã“ã«ç—ºã‚Œã‚‹æ†§ã‚Œã‚‹"], ["created_at", "2023-07-06 11:43:41.307950"], ["updated_at", "2023-07-06 11:43:41.307950"]]
  â†³ app/controllers/articles_controller.rb:8:in `create'
  [1m[36mTRANSACTION (2.2ms)[0m  [1m[36mcommit transaction[0m
  â†³ app/controllers/articles_controller.rb:8:in `create'
[active_model_serializers] Rendered ArticleSerializer with ActiveModelSerializers::Adapter::Attributes (0.36ms)
Completed 200 OK in 15ms (Views: 1.7ms | ActiveRecord: 3.8ms | Allocations: 5219)


